0 info it worked if it ends with ok
1 verbose cli [ '/Users/prugel/.nvm/versions/node/v6.11.2/bin/node',
1 verbose cli   '/Users/prugel/.nvm/versions/node/v6.11.2/bin/npm',
1 verbose cli   'i' ]
2 info using npm@3.10.10
3 info using node@v6.11.2
4 silly loadCurrentTree Starting
5 silly install loadCurrentTree
6 silly install readLocalPackageData
7 silly install normalizeTree
8 silly loadCurrentTree Finishing
9 silly loadIdealTree Starting
10 silly install loadIdealTree
11 silly cloneCurrentTree Starting
12 silly install cloneCurrentTreeToIdealTree
13 silly cloneCurrentTree Finishing
14 silly loadShrinkwrap Starting
15 silly install loadShrinkwrap
16 silly loadShrinkwrap Finishing
17 silly loadAllDepsIntoIdealTree Starting
18 silly install loadAllDepsIntoIdealTree
19 silly loadAllDepsIntoIdealTree Finishing
20 silly loadIdealTree Finishing
21 silly currentTree log.io@0.3.4
21 silly currentTree ├── accepts@1.3.4
21 silly currentTree ├── acorn@4.0.13
21 silly currentTree ├── after@0.8.2
21 silly currentTree ├─┬ ajv@4.11.8
21 silly currentTree │ └── json-stable-stringify@1.0.1
21 silly currentTree ├── array-filter@0.0.1
21 silly currentTree ├── array-flatten@1.1.1
21 silly currentTree ├── array-map@0.0.0
21 silly currentTree ├── array-reduce@0.0.0
21 silly currentTree ├── arraybuffer.slice@0.0.6
21 silly currentTree ├── asap@2.0.6
21 silly currentTree ├── asn1.js@4.9.1
21 silly currentTree ├── asn1@0.2.3
21 silly currentTree ├── assert-plus@0.2.0
21 silly currentTree ├── assert@1.4.1
21 silly currentTree ├── assertion-error@1.0.2
21 silly currentTree ├── astw@2.2.0
21 silly currentTree ├── async@1.0.0
21 silly currentTree ├── asynckit@0.4.0
21 silly currentTree ├── aws-sign2@0.6.0
21 silly currentTree ├── aws4@1.6.0
21 silly currentTree ├── backbone@1.3.3
21 silly currentTree ├── backo2@1.0.2
21 silly currentTree ├── balanced-match@1.0.0
21 silly currentTree ├── base64-arraybuffer@0.1.5
21 silly currentTree ├── base64-js@1.2.1
21 silly currentTree ├── base64id@1.0.0
21 silly currentTree ├── bcrypt-pbkdf@1.0.1
21 silly currentTree ├── better-assert@1.0.2
21 silly currentTree ├── blob@0.0.4
21 silly currentTree ├── bn.js@4.11.8
21 silly currentTree ├── boom@2.10.1
21 silly currentTree ├── brace-expansion@1.1.8
21 silly currentTree ├── brorand@1.1.0
21 silly currentTree ├── browser-pack@6.0.2
21 silly currentTree ├─┬ browser-resolve@1.11.2
21 silly currentTree │ └── resolve@1.1.7
21 silly currentTree ├── browser-stdout@1.3.0
21 silly currentTree ├── browserify-aes@1.0.8
21 silly currentTree ├── browserify-cipher@1.0.0
21 silly currentTree ├── browserify-des@1.0.0
21 silly currentTree ├── browserify-rsa@4.0.1
21 silly currentTree ├── browserify-sign@4.0.4
21 silly currentTree ├── browserify-zlib@0.1.4
21 silly currentTree ├── browserify@14.4.0
21 silly currentTree ├── buffer-xor@1.0.3
21 silly currentTree ├── buffer@5.0.7
21 silly currentTree ├── builtin-status-codes@3.0.0
21 silly currentTree ├── cached-path-relative@1.0.1
21 silly currentTree ├── callsite@1.0.0
21 silly currentTree ├── caseless@0.12.0
21 silly currentTree ├── chai@4.1.2
21 silly currentTree ├── check-error@1.0.2
21 silly currentTree ├── cipher-base@1.0.4
21 silly currentTree ├── co@4.6.0
21 silly currentTree ├── coffee-script@1.12.7
21 silly currentTree ├─┬ coffeeify@2.1.0
21 silly currentTree │ └── convert-source-map@1.5.0
21 silly currentTree ├── colors@1.0.3
21 silly currentTree ├── combine-source-map@0.7.2
21 silly currentTree ├── combined-stream@1.0.5
21 silly currentTree ├── commander@2.9.0
21 silly currentTree ├── component-bind@1.0.0
21 silly currentTree ├── component-emitter@1.2.1
21 silly currentTree ├── component-inherit@0.0.3
21 silly currentTree ├── concat-map@0.0.1
21 silly currentTree ├─┬ concat-stream@1.5.2
21 silly currentTree │ ├── readable-stream@2.0.6
21 silly currentTree │ └── string_decoder@0.10.31
21 silly currentTree ├── console-browserify@1.1.0
21 silly currentTree ├── constants-browserify@1.0.0
21 silly currentTree ├── content-disposition@0.5.2
21 silly currentTree ├── content-type@1.0.4
21 silly currentTree ├── convert-source-map@1.1.3
21 silly currentTree ├── cookie-signature@1.0.6
21 silly currentTree ├── cookie@0.3.1
21 silly currentTree ├── core-util-is@1.0.2
21 silly currentTree ├── create-ecdh@4.0.0
21 silly currentTree ├── create-hash@1.1.3
21 silly currentTree ├── create-hmac@1.1.6
21 silly currentTree ├── cryptiles@2.0.5
21 silly currentTree ├── crypto-browserify@3.11.1
21 silly currentTree ├── cycle@1.0.3
21 silly currentTree ├─┬ dashdash@1.14.1
21 silly currentTree │ └── assert-plus@1.0.0
21 silly currentTree ├── date-now@0.1.4
21 silly currentTree ├── debug@2.6.8
21 silly currentTree ├── deep-eql@3.0.1
21 silly currentTree ├── defined@1.0.0
21 silly currentTree ├── delayed-stream@1.0.0
21 silly currentTree ├── depd@1.1.1
21 silly currentTree ├── deps-sort@2.0.0
21 silly currentTree ├── des.js@1.0.0
21 silly currentTree ├── destroy@1.0.4
21 silly currentTree ├── detective@4.5.0
21 silly currentTree ├── diff@3.2.0
21 silly currentTree ├── diffie-hellman@5.0.2
21 silly currentTree ├── domain-browser@1.1.7
21 silly currentTree ├── duplexer2@0.1.4
21 silly currentTree ├── ecc-jsbn@0.1.1
21 silly currentTree ├── ee-first@1.1.1
21 silly currentTree ├── elliptic@6.4.0
21 silly currentTree ├── encodeurl@1.0.1
21 silly currentTree ├── engine.io-client@3.1.1
21 silly currentTree ├── engine.io-parser@2.1.1
21 silly currentTree ├─┬ engine.io@3.1.1
21 silly currentTree │ └── accepts@1.3.3
21 silly currentTree ├── errno@0.1.4
21 silly currentTree ├── escape-html@1.0.3
21 silly currentTree ├── escape-string-regexp@1.0.5
21 silly currentTree ├── etag@1.8.1
21 silly currentTree ├── events@1.1.1
21 silly currentTree ├── evp_bytestokey@1.0.3
21 silly currentTree ├── express@4.15.4
21 silly currentTree ├── extend@3.0.1
21 silly currentTree ├── extsprintf@1.3.0
21 silly currentTree ├── eyes@0.1.8
21 silly currentTree ├── finalhandler@1.0.5
21 silly currentTree ├── forever-agent@0.6.1
21 silly currentTree ├── form-data@2.1.4
21 silly currentTree ├── formatio@1.2.0
21 silly currentTree ├── forwarded@0.1.2
21 silly currentTree ├── fresh@0.5.0
21 silly currentTree ├── fs.realpath@1.0.0
21 silly currentTree ├── function-bind@1.1.1
21 silly currentTree ├── get-func-name@2.0.0
21 silly currentTree ├─┬ getpass@0.1.7
21 silly currentTree │ └── assert-plus@1.0.0
21 silly currentTree ├── glob@7.1.2
21 silly currentTree ├── graceful-fs@4.1.11
21 silly currentTree ├── graceful-readlink@1.0.1
21 silly currentTree ├── growl@1.9.2
21 silly currentTree ├── har-schema@1.0.5
21 silly currentTree ├── har-validator@4.2.1
21 silly currentTree ├─┬ has-binary2@1.0.2
21 silly currentTree │ └── isarray@2.0.1
21 silly currentTree ├── has-cors@1.1.0
21 silly currentTree ├── has-flag@1.0.0
21 silly currentTree ├── has@1.0.1
21 silly currentTree ├── hash-base@2.0.2
21 silly currentTree ├── hash.js@1.1.3
21 silly currentTree ├── hawk@3.1.3
21 silly currentTree ├── he@1.1.1
21 silly currentTree ├── hmac-drbg@1.0.1
21 silly currentTree ├── hoek@2.16.3
21 silly currentTree ├── htmlescape@1.1.1
21 silly currentTree ├── http-errors@1.6.2
21 silly currentTree ├── http-signature@1.1.1
21 silly currentTree ├── https-browserify@1.0.0
21 silly currentTree ├── ieee754@1.1.8
21 silly currentTree ├── image-size@0.5.5
21 silly currentTree ├── indexof@0.0.1
21 silly currentTree ├── inflight@1.0.6
21 silly currentTree ├── inherits@2.0.3
21 silly currentTree ├── inline-source-map@0.6.2
21 silly currentTree ├── insert-module-globals@7.0.1
21 silly currentTree ├── ipaddr.js@1.4.0
21 silly currentTree ├── is-buffer@1.1.5
21 silly currentTree ├── is-typedarray@1.0.0
21 silly currentTree ├── isarray@1.0.0
21 silly currentTree ├── isstream@0.1.2
21 silly currentTree ├── jquery-browserify@1.8.1
21 silly currentTree ├── jquery@3.2.1
21 silly currentTree ├── jsbn@0.1.1
21 silly currentTree ├── json-schema@0.2.3
21 silly currentTree ├── json-stable-stringify@0.0.1
21 silly currentTree ├── json-stringify-safe@5.0.1
21 silly currentTree ├── json3@3.3.2
21 silly currentTree ├── jsonify@0.0.0
21 silly currentTree ├── jsonparse@1.3.1
21 silly currentTree ├── JSONStream@1.3.1
21 silly currentTree ├─┬ jsprim@1.4.1
21 silly currentTree │ └── assert-plus@1.0.0
21 silly currentTree ├── just-extend@1.1.22
21 silly currentTree ├─┬ labeled-stream-splicer@2.0.0
21 silly currentTree │ └── isarray@0.0.1
21 silly currentTree ├── less@2.7.2
21 silly currentTree ├── lexical-scope@1.2.0
21 silly currentTree ├── lodash._baseassign@3.2.0
21 silly currentTree ├── lodash._basecopy@3.0.1
21 silly currentTree ├── lodash._basecreate@3.0.3
21 silly currentTree ├── lodash._getnative@3.9.1
21 silly currentTree ├── lodash._isiterateecall@3.0.9
21 silly currentTree ├── lodash.create@3.1.1
21 silly currentTree ├── lodash.isarguments@3.1.0
21 silly currentTree ├── lodash.isarray@3.0.4
21 silly currentTree ├── lodash.keys@3.1.2
21 silly currentTree ├── lodash.memoize@3.0.4
21 silly currentTree ├── lolex@2.1.2
21 silly currentTree ├─┬ md5.js@1.3.4
21 silly currentTree │ └── hash-base@3.0.4
21 silly currentTree ├── media-typer@0.3.0
21 silly currentTree ├── merge-descriptors@1.0.1
21 silly currentTree ├── methods@1.1.2
21 silly currentTree ├── miller-rabin@4.0.0
21 silly currentTree ├── mime-db@1.30.0
21 silly currentTree ├── mime-types@2.1.17
21 silly currentTree ├── mime@1.3.4
21 silly currentTree ├── minimalistic-assert@1.0.0
21 silly currentTree ├── minimalistic-crypto-utils@1.0.1
21 silly currentTree ├── minimatch@3.0.4
21 silly currentTree ├── minimist@1.2.0
21 silly currentTree ├─┬ mkdirp@0.5.1
21 silly currentTree │ └── minimist@0.0.8
21 silly currentTree ├─┬ mocha@3.5.3
21 silly currentTree │ └── glob@7.1.1
21 silly currentTree ├── module-deps@4.1.1
21 silly currentTree ├── ms@2.0.0
21 silly currentTree ├── native-promise-only@0.8.1
21 silly currentTree ├── negotiator@0.6.1
21 silly currentTree ├─┬ nise@1.0.1
21 silly currentTree │ ├── isarray@0.0.1
21 silly currentTree │ ├── lolex@1.6.0
21 silly currentTree │ └── path-to-regexp@1.7.0
21 silly currentTree ├── oauth-sign@0.8.2
21 silly currentTree ├── object-assign@4.1.1
21 silly currentTree ├── object-component@0.0.3
21 silly currentTree ├── on-finished@2.3.0
21 silly currentTree ├── once@1.4.0
21 silly currentTree ├── os-browserify@0.1.2
21 silly currentTree ├── pako@0.2.9
21 silly currentTree ├── parents@1.0.1
21 silly currentTree ├── parse-asn1@5.1.0
21 silly currentTree ├── parsejson@0.0.3
21 silly currentTree ├── parseqs@0.0.5
21 silly currentTree ├── parseuri@0.0.5
21 silly currentTree ├── parseurl@1.3.2
21 silly currentTree ├── path-browserify@0.0.0
21 silly currentTree ├── path-is-absolute@1.0.1
21 silly currentTree ├── path-parse@1.0.5
21 silly currentTree ├── path-platform@0.11.15
21 silly currentTree ├── path-to-regexp@0.1.7
21 silly currentTree ├── pathval@1.1.0
21 silly currentTree ├── pbkdf2@3.0.14
21 silly currentTree ├── performance-now@0.2.0
21 silly currentTree ├── process-nextick-args@1.0.7
21 silly currentTree ├── process@0.11.10
21 silly currentTree ├── promise@7.3.1
21 silly currentTree ├── proxy-addr@1.1.5
21 silly currentTree ├── prr@0.0.0
21 silly currentTree ├── public-encrypt@4.0.0
21 silly currentTree ├── punycode@1.4.1
21 silly currentTree ├── qs@6.5.0
21 silly currentTree ├── querystring-es3@0.2.1
21 silly currentTree ├── querystring@0.2.0
21 silly currentTree ├── randombytes@2.0.5
21 silly currentTree ├── range-parser@1.2.0
21 silly currentTree ├── read-only-stream@2.0.0
21 silly currentTree ├── readable-stream@2.3.3
21 silly currentTree ├─┬ request@2.81.0
21 silly currentTree │ └── qs@6.4.0
21 silly currentTree ├── resolve@1.4.0
21 silly currentTree ├── ripemd160@2.0.1
21 silly currentTree ├── safe-buffer@5.1.1
21 silly currentTree ├── samsam@1.2.1
21 silly currentTree ├── send@0.15.4
21 silly currentTree ├── serve-static@1.12.4
21 silly currentTree ├── setprototypeof@1.0.3
21 silly currentTree ├── sha.js@2.4.8
21 silly currentTree ├── shasum@1.0.2
21 silly currentTree ├── shell-quote@1.6.1
21 silly currentTree ├── sinon-chai@2.13.0
21 silly currentTree ├─┬ sinon@3.2.1
21 silly currentTree │ ├── isarray@0.0.1
21 silly currentTree │ └── path-to-regexp@1.7.0
21 silly currentTree ├── sntp@1.0.9
21 silly currentTree ├── socket.io-adapter@1.1.1
21 silly currentTree ├── socket.io-client@2.0.3
21 silly currentTree ├─┬ socket.io-parser@3.1.2
21 silly currentTree │ └── isarray@2.0.1
21 silly currentTree ├── socket.io@2.0.3
21 silly currentTree ├── source-map@0.5.7
21 silly currentTree ├─┬ sshpk@1.13.1
21 silly currentTree │ └── assert-plus@1.0.0
21 silly currentTree ├── stack-trace@0.0.10
21 silly currentTree ├── statuses@1.3.1
21 silly currentTree ├── stream-browserify@2.0.1
21 silly currentTree ├── stream-combiner2@1.1.1
21 silly currentTree ├── stream-http@2.7.2
21 silly currentTree ├── stream-splicer@2.0.0
21 silly currentTree ├── string_decoder@1.0.3
21 silly currentTree ├── stringstream@0.0.5
21 silly currentTree ├── subarg@1.0.0
21 silly currentTree ├── supports-color@3.1.2
21 silly currentTree ├── syntax-error@1.3.0
21 silly currentTree ├── text-encoding@0.6.4
21 silly currentTree ├── through@2.3.8
21 silly currentTree ├── through2@2.0.3
21 silly currentTree ├── timers-browserify@1.4.2
21 silly currentTree ├── to-array@0.1.4
21 silly currentTree ├── to-arraybuffer@1.0.1
21 silly currentTree ├── tough-cookie@2.3.2
21 silly currentTree ├── tty-browserify@0.0.0
21 silly currentTree ├── tunnel-agent@0.6.0
21 silly currentTree ├── tweetnacl@0.14.5
21 silly currentTree ├── type-detect@4.0.3
21 silly currentTree ├── type-is@1.6.15
21 silly currentTree ├── typedarray@0.0.6
21 silly currentTree ├── ultron@1.1.0
21 silly currentTree ├── umd@3.0.1
21 silly currentTree ├── underscore@1.8.3
21 silly currentTree ├── unpipe@1.0.0
21 silly currentTree ├─┬ url@0.11.0
21 silly currentTree │ └── punycode@1.3.2
21 silly currentTree ├── util-deprecate@1.0.2
21 silly currentTree ├─┬ util@0.10.3
21 silly currentTree │ └── inherits@2.0.1
21 silly currentTree ├── utils-merge@1.0.0
21 silly currentTree ├── uuid@3.1.0
21 silly currentTree ├── uws@0.14.5
21 silly currentTree ├── vary@1.1.1
21 silly currentTree ├─┬ verror@1.10.0
21 silly currentTree │ └── assert-plus@1.0.0
21 silly currentTree ├── vm-browserify@0.0.4
21 silly currentTree ├── winston@2.3.1
21 silly currentTree ├── wrappy@1.0.2
21 silly currentTree ├─┬ ws@2.3.1
21 silly currentTree │ └── safe-buffer@5.0.1
21 silly currentTree ├── xmlhttprequest-ssl@1.5.3
21 silly currentTree ├── xtend@4.0.1
21 silly currentTree └── yeast@0.1.2
22 silly idealTree log.io@0.3.4
22 silly idealTree ├── accepts@1.3.4
22 silly idealTree ├── acorn@4.0.13
22 silly idealTree ├── after@0.8.2
22 silly idealTree ├─┬ ajv@4.11.8
22 silly idealTree │ └── json-stable-stringify@1.0.1
22 silly idealTree ├── array-filter@0.0.1
22 silly idealTree ├── array-flatten@1.1.1
22 silly idealTree ├── array-map@0.0.0
22 silly idealTree ├── array-reduce@0.0.0
22 silly idealTree ├── arraybuffer.slice@0.0.6
22 silly idealTree ├── asap@2.0.6
22 silly idealTree ├── asn1.js@4.9.1
22 silly idealTree ├── asn1@0.2.3
22 silly idealTree ├── assert-plus@0.2.0
22 silly idealTree ├── assert@1.4.1
22 silly idealTree ├── assertion-error@1.0.2
22 silly idealTree ├── astw@2.2.0
22 silly idealTree ├── async@1.0.0
22 silly idealTree ├── asynckit@0.4.0
22 silly idealTree ├── aws-sign2@0.6.0
22 silly idealTree ├── aws4@1.6.0
22 silly idealTree ├── backbone@1.3.3
22 silly idealTree ├── backo2@1.0.2
22 silly idealTree ├── balanced-match@1.0.0
22 silly idealTree ├── base64-arraybuffer@0.1.5
22 silly idealTree ├── base64-js@1.2.1
22 silly idealTree ├── base64id@1.0.0
22 silly idealTree ├── bcrypt-pbkdf@1.0.1
22 silly idealTree ├── better-assert@1.0.2
22 silly idealTree ├── blob@0.0.4
22 silly idealTree ├── bn.js@4.11.8
22 silly idealTree ├── boom@2.10.1
22 silly idealTree ├── brace-expansion@1.1.8
22 silly idealTree ├── brorand@1.1.0
22 silly idealTree ├── browser-pack@6.0.2
22 silly idealTree ├─┬ browser-resolve@1.11.2
22 silly idealTree │ └── resolve@1.1.7
22 silly idealTree ├── browser-stdout@1.3.0
22 silly idealTree ├── browserify-aes@1.0.8
22 silly idealTree ├── browserify-cipher@1.0.0
22 silly idealTree ├── browserify-des@1.0.0
22 silly idealTree ├── browserify-rsa@4.0.1
22 silly idealTree ├── browserify-sign@4.0.4
22 silly idealTree ├── browserify-zlib@0.1.4
22 silly idealTree ├── browserify@14.4.0
22 silly idealTree ├── buffer-xor@1.0.3
22 silly idealTree ├── buffer@5.0.7
22 silly idealTree ├── builtin-status-codes@3.0.0
22 silly idealTree ├── cached-path-relative@1.0.1
22 silly idealTree ├── callsite@1.0.0
22 silly idealTree ├── caseless@0.12.0
22 silly idealTree ├── chai@4.1.2
22 silly idealTree ├── check-error@1.0.2
22 silly idealTree ├── cipher-base@1.0.4
22 silly idealTree ├── co@4.6.0
22 silly idealTree ├── coffee-script@1.12.7
22 silly idealTree ├─┬ coffeeify@2.1.0
22 silly idealTree │ └── convert-source-map@1.5.0
22 silly idealTree ├── colors@1.0.3
22 silly idealTree ├── combine-source-map@0.7.2
22 silly idealTree ├── combined-stream@1.0.5
22 silly idealTree ├── commander@2.9.0
22 silly idealTree ├── component-bind@1.0.0
22 silly idealTree ├── component-emitter@1.2.1
22 silly idealTree ├── component-inherit@0.0.3
22 silly idealTree ├── concat-map@0.0.1
22 silly idealTree ├─┬ concat-stream@1.5.2
22 silly idealTree │ ├── readable-stream@2.0.6
22 silly idealTree │ └── string_decoder@0.10.31
22 silly idealTree ├── console-browserify@1.1.0
22 silly idealTree ├── constants-browserify@1.0.0
22 silly idealTree ├── content-disposition@0.5.2
22 silly idealTree ├── content-type@1.0.4
22 silly idealTree ├── convert-source-map@1.1.3
22 silly idealTree ├── cookie-signature@1.0.6
22 silly idealTree ├── cookie@0.3.1
22 silly idealTree ├── core-util-is@1.0.2
22 silly idealTree ├── create-ecdh@4.0.0
22 silly idealTree ├── create-hash@1.1.3
22 silly idealTree ├── create-hmac@1.1.6
22 silly idealTree ├── cryptiles@2.0.5
22 silly idealTree ├── crypto-browserify@3.11.1
22 silly idealTree ├── cycle@1.0.3
22 silly idealTree ├─┬ dashdash@1.14.1
22 silly idealTree │ └── assert-plus@1.0.0
22 silly idealTree ├── date-now@0.1.4
22 silly idealTree ├── debug@2.6.8
22 silly idealTree ├── deep-eql@3.0.1
22 silly idealTree ├── defined@1.0.0
22 silly idealTree ├── delayed-stream@1.0.0
22 silly idealTree ├── depd@1.1.1
22 silly idealTree ├── deps-sort@2.0.0
22 silly idealTree ├── des.js@1.0.0
22 silly idealTree ├── destroy@1.0.4
22 silly idealTree ├── detective@4.5.0
22 silly idealTree ├── diff@3.2.0
22 silly idealTree ├── diffie-hellman@5.0.2
22 silly idealTree ├── domain-browser@1.1.7
22 silly idealTree ├── duplexer2@0.1.4
22 silly idealTree ├── ecc-jsbn@0.1.1
22 silly idealTree ├── ee-first@1.1.1
22 silly idealTree ├── elliptic@6.4.0
22 silly idealTree ├── encodeurl@1.0.1
22 silly idealTree ├── engine.io-client@3.1.1
22 silly idealTree ├── engine.io-parser@2.1.1
22 silly idealTree ├─┬ engine.io@3.1.1
22 silly idealTree │ └── accepts@1.3.3
22 silly idealTree ├── errno@0.1.4
22 silly idealTree ├── escape-html@1.0.3
22 silly idealTree ├── escape-string-regexp@1.0.5
22 silly idealTree ├── etag@1.8.1
22 silly idealTree ├── events@1.1.1
22 silly idealTree ├── evp_bytestokey@1.0.3
22 silly idealTree ├── express@4.15.4
22 silly idealTree ├── extend@3.0.1
22 silly idealTree ├── extsprintf@1.3.0
22 silly idealTree ├── eyes@0.1.8
22 silly idealTree ├── finalhandler@1.0.5
22 silly idealTree ├── forever-agent@0.6.1
22 silly idealTree ├── form-data@2.1.4
22 silly idealTree ├── formatio@1.2.0
22 silly idealTree ├── forwarded@0.1.2
22 silly idealTree ├── fresh@0.5.0
22 silly idealTree ├── fs.realpath@1.0.0
22 silly idealTree ├── function-bind@1.1.1
22 silly idealTree ├── get-func-name@2.0.0
22 silly idealTree ├─┬ getpass@0.1.7
22 silly idealTree │ └── assert-plus@1.0.0
22 silly idealTree ├── glob@7.1.2
22 silly idealTree ├── graceful-fs@4.1.11
22 silly idealTree ├── graceful-readlink@1.0.1
22 silly idealTree ├── growl@1.9.2
22 silly idealTree ├── har-schema@1.0.5
22 silly idealTree ├── har-validator@4.2.1
22 silly idealTree ├─┬ has-binary2@1.0.2
22 silly idealTree │ └── isarray@2.0.1
22 silly idealTree ├── has-cors@1.1.0
22 silly idealTree ├── has-flag@1.0.0
22 silly idealTree ├── has@1.0.1
22 silly idealTree ├── hash-base@2.0.2
22 silly idealTree ├── hash.js@1.1.3
22 silly idealTree ├── hawk@3.1.3
22 silly idealTree ├── he@1.1.1
22 silly idealTree ├── hmac-drbg@1.0.1
22 silly idealTree ├── hoek@2.16.3
22 silly idealTree ├── htmlescape@1.1.1
22 silly idealTree ├── http-errors@1.6.2
22 silly idealTree ├── http-signature@1.1.1
22 silly idealTree ├── https-browserify@1.0.0
22 silly idealTree ├── ieee754@1.1.8
22 silly idealTree ├── image-size@0.5.5
22 silly idealTree ├── indexof@0.0.1
22 silly idealTree ├── inflight@1.0.6
22 silly idealTree ├── inherits@2.0.3
22 silly idealTree ├── inline-source-map@0.6.2
22 silly idealTree ├── insert-module-globals@7.0.1
22 silly idealTree ├── ipaddr.js@1.4.0
22 silly idealTree ├── is-buffer@1.1.5
22 silly idealTree ├── is-typedarray@1.0.0
22 silly idealTree ├── isarray@1.0.0
22 silly idealTree ├── isstream@0.1.2
22 silly idealTree ├── jquery-browserify@1.8.1
22 silly idealTree ├── jquery@3.2.1
22 silly idealTree ├── jsbn@0.1.1
22 silly idealTree ├── json-schema@0.2.3
22 silly idealTree ├── json-stable-stringify@0.0.1
22 silly idealTree ├── json-stringify-safe@5.0.1
22 silly idealTree ├── json3@3.3.2
22 silly idealTree ├── jsonify@0.0.0
22 silly idealTree ├── jsonparse@1.3.1
22 silly idealTree ├── JSONStream@1.3.1
22 silly idealTree ├─┬ jsprim@1.4.1
22 silly idealTree │ └── assert-plus@1.0.0
22 silly idealTree ├── just-extend@1.1.22
22 silly idealTree ├─┬ labeled-stream-splicer@2.0.0
22 silly idealTree │ └── isarray@0.0.1
22 silly idealTree ├── less@2.7.2
22 silly idealTree ├── lexical-scope@1.2.0
22 silly idealTree ├── lodash._baseassign@3.2.0
22 silly idealTree ├── lodash._basecopy@3.0.1
22 silly idealTree ├── lodash._basecreate@3.0.3
22 silly idealTree ├── lodash._getnative@3.9.1
22 silly idealTree ├── lodash._isiterateecall@3.0.9
22 silly idealTree ├── lodash.create@3.1.1
22 silly idealTree ├── lodash.isarguments@3.1.0
22 silly idealTree ├── lodash.isarray@3.0.4
22 silly idealTree ├── lodash.keys@3.1.2
22 silly idealTree ├── lodash.memoize@3.0.4
22 silly idealTree ├── lolex@2.1.2
22 silly idealTree ├─┬ md5.js@1.3.4
22 silly idealTree │ └── hash-base@3.0.4
22 silly idealTree ├── media-typer@0.3.0
22 silly idealTree ├── merge-descriptors@1.0.1
22 silly idealTree ├── methods@1.1.2
22 silly idealTree ├── miller-rabin@4.0.0
22 silly idealTree ├── mime-db@1.30.0
22 silly idealTree ├── mime-types@2.1.17
22 silly idealTree ├── mime@1.3.4
22 silly idealTree ├── minimalistic-assert@1.0.0
22 silly idealTree ├── minimalistic-crypto-utils@1.0.1
22 silly idealTree ├── minimatch@3.0.4
22 silly idealTree ├── minimist@1.2.0
22 silly idealTree ├─┬ mkdirp@0.5.1
22 silly idealTree │ └── minimist@0.0.8
22 silly idealTree ├─┬ mocha@3.5.3
22 silly idealTree │ └── glob@7.1.1
22 silly idealTree ├── module-deps@4.1.1
22 silly idealTree ├── ms@2.0.0
22 silly idealTree ├── native-promise-only@0.8.1
22 silly idealTree ├── negotiator@0.6.1
22 silly idealTree ├─┬ nise@1.0.1
22 silly idealTree │ ├── isarray@0.0.1
22 silly idealTree │ ├── lolex@1.6.0
22 silly idealTree │ └── path-to-regexp@1.7.0
22 silly idealTree ├── oauth-sign@0.8.2
22 silly idealTree ├── object-assign@4.1.1
22 silly idealTree ├── object-component@0.0.3
22 silly idealTree ├── on-finished@2.3.0
22 silly idealTree ├── once@1.4.0
22 silly idealTree ├── os-browserify@0.1.2
22 silly idealTree ├── pako@0.2.9
22 silly idealTree ├── parents@1.0.1
22 silly idealTree ├── parse-asn1@5.1.0
22 silly idealTree ├── parsejson@0.0.3
22 silly idealTree ├── parseqs@0.0.5
22 silly idealTree ├── parseuri@0.0.5
22 silly idealTree ├── parseurl@1.3.2
22 silly idealTree ├── path-browserify@0.0.0
22 silly idealTree ├── path-is-absolute@1.0.1
22 silly idealTree ├── path-parse@1.0.5
22 silly idealTree ├── path-platform@0.11.15
22 silly idealTree ├── path-to-regexp@0.1.7
22 silly idealTree ├── pathval@1.1.0
22 silly idealTree ├── pbkdf2@3.0.14
22 silly idealTree ├── performance-now@0.2.0
22 silly idealTree ├── process-nextick-args@1.0.7
22 silly idealTree ├── process@0.11.10
22 silly idealTree ├── promise@7.3.1
22 silly idealTree ├── proxy-addr@1.1.5
22 silly idealTree ├── prr@0.0.0
22 silly idealTree ├── public-encrypt@4.0.0
22 silly idealTree ├── punycode@1.4.1
22 silly idealTree ├── qs@6.5.0
22 silly idealTree ├── querystring-es3@0.2.1
22 silly idealTree ├── querystring@0.2.0
22 silly idealTree ├── randombytes@2.0.5
22 silly idealTree ├── range-parser@1.2.0
22 silly idealTree ├── read-only-stream@2.0.0
22 silly idealTree ├── readable-stream@2.3.3
22 silly idealTree ├─┬ request@2.81.0
22 silly idealTree │ └── qs@6.4.0
22 silly idealTree ├── resolve@1.4.0
22 silly idealTree ├── ripemd160@2.0.1
22 silly idealTree ├── safe-buffer@5.1.1
22 silly idealTree ├── samsam@1.2.1
22 silly idealTree ├── send@0.15.4
22 silly idealTree ├── serve-static@1.12.4
22 silly idealTree ├── setprototypeof@1.0.3
22 silly idealTree ├── sha.js@2.4.8
22 silly idealTree ├── shasum@1.0.2
22 silly idealTree ├── shell-quote@1.6.1
22 silly idealTree ├── sinon-chai@2.13.0
22 silly idealTree ├─┬ sinon@3.2.1
22 silly idealTree │ ├── isarray@0.0.1
22 silly idealTree │ └── path-to-regexp@1.7.0
22 silly idealTree ├── sntp@1.0.9
22 silly idealTree ├── socket.io-adapter@1.1.1
22 silly idealTree ├── socket.io-client@2.0.3
22 silly idealTree ├─┬ socket.io-parser@3.1.2
22 silly idealTree │ └── isarray@2.0.1
22 silly idealTree ├── socket.io@2.0.3
22 silly idealTree ├── source-map@0.5.7
22 silly idealTree ├─┬ sshpk@1.13.1
22 silly idealTree │ └── assert-plus@1.0.0
22 silly idealTree ├── stack-trace@0.0.10
22 silly idealTree ├── statuses@1.3.1
22 silly idealTree ├── stream-browserify@2.0.1
22 silly idealTree ├── stream-combiner2@1.1.1
22 silly idealTree ├── stream-http@2.7.2
22 silly idealTree ├── stream-splicer@2.0.0
22 silly idealTree ├── string_decoder@1.0.3
22 silly idealTree ├── stringstream@0.0.5
22 silly idealTree ├── subarg@1.0.0
22 silly idealTree ├── supports-color@3.1.2
22 silly idealTree ├── syntax-error@1.3.0
22 silly idealTree ├── text-encoding@0.6.4
22 silly idealTree ├── through@2.3.8
22 silly idealTree ├── through2@2.0.3
22 silly idealTree ├── timers-browserify@1.4.2
22 silly idealTree ├── to-array@0.1.4
22 silly idealTree ├── to-arraybuffer@1.0.1
22 silly idealTree ├── tough-cookie@2.3.2
22 silly idealTree ├── tty-browserify@0.0.0
22 silly idealTree ├── tunnel-agent@0.6.0
22 silly idealTree ├── tweetnacl@0.14.5
22 silly idealTree ├── type-detect@4.0.3
22 silly idealTree ├── type-is@1.6.15
22 silly idealTree ├── typedarray@0.0.6
22 silly idealTree ├── ultron@1.1.0
22 silly idealTree ├── umd@3.0.1
22 silly idealTree ├── underscore@1.8.3
22 silly idealTree ├── unpipe@1.0.0
22 silly idealTree ├─┬ url@0.11.0
22 silly idealTree │ └── punycode@1.3.2
22 silly idealTree ├── util-deprecate@1.0.2
22 silly idealTree ├─┬ util@0.10.3
22 silly idealTree │ └── inherits@2.0.1
22 silly idealTree ├── utils-merge@1.0.0
22 silly idealTree ├── uuid@3.1.0
22 silly idealTree ├── uws@0.14.5
22 silly idealTree ├── vary@1.1.1
22 silly idealTree ├─┬ verror@1.10.0
22 silly idealTree │ └── assert-plus@1.0.0
22 silly idealTree ├── vm-browserify@0.0.4
22 silly idealTree ├── winston@2.3.1
22 silly idealTree ├── wrappy@1.0.2
22 silly idealTree ├─┬ ws@2.3.1
22 silly idealTree │ └── safe-buffer@5.0.1
22 silly idealTree ├── xmlhttprequest-ssl@1.5.3
22 silly idealTree ├── xtend@4.0.1
22 silly idealTree └── yeast@0.1.2
23 silly generateActionsToTake Starting
24 silly install generateActionsToTake
25 silly generateActionsToTake Finishing
26 silly diffTrees action count 0
27 silly decomposeActions action count 0
28 silly runTopLevelLifecycles Starting
29 silly install runPreinstallTopLevelLifecycles
30 silly preinstall log.io@0.3.4 /Users/prugel/Documents/gitlab/Log.io/log.io-2a1a8968
31 info lifecycle log.io@0.3.4~preinstall: log.io@0.3.4
32 silly lifecycle log.io@0.3.4~preinstall: no script for preinstall, continuing
33 silly executeActions Starting
34 silly install executeActions
35 silly doSerial global-install 0
36 silly doParallel fetch 0
37 verbose correctMkdir /Users/prugel/.npm/_locks correctMkdir not in flight; initializing
38 verbose lock using /Users/prugel/.npm/_locks/staging-236aa56ab86a5c06.lock for /Users/prugel/Documents/gitlab/Log.io/node_modules/.staging
39 silly doParallel extract 0
40 silly doParallel preinstall 0
41 silly doReverseSerial remove 0
42 silly doSerial move 0
43 silly doSerial finalize 0
44 silly doSerial build 0
45 silly doSerial global-link 0
46 silly doParallel update-linked 0
47 silly doSerial install 0
48 silly doSerial postinstall 0
49 verbose unlock done using /Users/prugel/.npm/_locks/staging-236aa56ab86a5c06.lock for /Users/prugel/Documents/gitlab/Log.io/node_modules/.staging
50 silly executeActions Finishing
51 silly rollbackFailedOptional Starting
52 silly rollbackFailedOptional Finishing
53 silly install runPostinstallTopLevelLifecycles
54 silly build log.io@0.3.4
55 info linkStuff log.io@0.3.4
56 silly linkStuff log.io@0.3.4 has /Users/prugel/Documents/gitlab as its parent node_modules
57 verbose linkBins log.io@0.3.4
58 verbose linkMans log.io@0.3.4
59 silly install log.io@0.3.4 /Users/prugel/Documents/gitlab/Log.io/log.io-2a1a8968
60 info lifecycle log.io@0.3.4~install: log.io@0.3.4
61 silly lifecycle log.io@0.3.4~install: no script for install, continuing
62 silly postinstall log.io@0.3.4 /Users/prugel/Documents/gitlab/Log.io/log.io-2a1a8968
63 info lifecycle log.io@0.3.4~postinstall: log.io@0.3.4
64 verbose lifecycle log.io@0.3.4~postinstall: unsafe-perm in lifecycle true
65 verbose lifecycle log.io@0.3.4~postinstall: PATH: /Users/prugel/.nvm/versions/node/v6.11.2/lib/node_modules/npm/bin/node-gyp-bin:/Users/prugel/Documents/gitlab/Log.io/node_modules/.bin:/Users/prugel/.nvm/versions/node/v6.11.2/bin:/usr/local/bin:/usr/bin:/bin:/usr/sbin:/sbin
66 verbose lifecycle log.io@0.3.4~postinstall: CWD: /Users/prugel/Documents/gitlab/Log.io
67 silly lifecycle log.io@0.3.4~postinstall: Args: [ '-c', 'cake ensure:configuration' ]
68 silly lifecycle log.io@0.3.4~postinstall: Returned: code: 0  signal: null
69 silly prepublish log.io@0.3.4 /Users/prugel/Documents/gitlab/Log.io/log.io-2a1a8968
70 info lifecycle log.io@0.3.4~prepublish: log.io@0.3.4
71 verbose lifecycle log.io@0.3.4~prepublish: unsafe-perm in lifecycle true
72 verbose lifecycle log.io@0.3.4~prepublish: PATH: /Users/prugel/.nvm/versions/node/v6.11.2/lib/node_modules/npm/bin/node-gyp-bin:/Users/prugel/Documents/gitlab/Log.io/node_modules/.bin:/Users/prugel/.nvm/versions/node/v6.11.2/bin:/usr/local/bin:/usr/bin:/bin:/usr/sbin:/sbin
73 verbose lifecycle log.io@0.3.4~prepublish: CWD: /Users/prugel/Documents/gitlab/Log.io
74 silly lifecycle log.io@0.3.4~prepublish: Args: [ '-c', 'cake build' ]
75 silly lifecycle log.io@0.3.4~prepublish: Returned: code: 1  signal: null
76 info lifecycle log.io@0.3.4~prepublish: Failed to exec prepublish script
77 warn log.io@0.3.4 No repository field.
78 verbose If you need help, you may report this error at:
78 verbose     <https://github.com/npm/npm/issues>
79 warn log.io@0.3.4 No license field.
80 verbose If you need help, you may report this error at:
80 verbose     <https://github.com/npm/npm/issues>
81 verbose stack Error: log.io@0.3.4 prepublish: `cake build`
81 verbose stack Exit status 1
81 verbose stack     at EventEmitter.<anonymous> (/Users/prugel/.nvm/versions/node/v6.11.2/lib/node_modules/npm/lib/utils/lifecycle.js:255:16)
81 verbose stack     at emitTwo (events.js:106:13)
81 verbose stack     at EventEmitter.emit (events.js:191:7)
81 verbose stack     at ChildProcess.<anonymous> (/Users/prugel/.nvm/versions/node/v6.11.2/lib/node_modules/npm/lib/utils/spawn.js:40:14)
81 verbose stack     at emitTwo (events.js:106:13)
81 verbose stack     at ChildProcess.emit (events.js:191:7)
81 verbose stack     at maybeClose (internal/child_process.js:891:16)
81 verbose stack     at Process.ChildProcess._handle.onexit (internal/child_process.js:226:5)
82 verbose pkgid log.io@0.3.4
83 verbose cwd /Users/prugel/Documents/gitlab/Log.io
84 error Darwin 15.6.0
85 error argv "/Users/prugel/.nvm/versions/node/v6.11.2/bin/node" "/Users/prugel/.nvm/versions/node/v6.11.2/bin/npm" "i"
86 error node v6.11.2
87 error npm  v3.10.10
88 error code ELIFECYCLE
89 error log.io@0.3.4 prepublish: `cake build`
89 error Exit status 1
90 error Failed at the log.io@0.3.4 prepublish script 'cake build'.
90 error Make sure you have the latest version of node.js and npm installed.
90 error If you do, this is most likely a problem with the log.io package,
90 error not with npm itself.
90 error Tell the author that this fails on your system:
90 error     cake build
90 error You can get information on how to open an issue for this project with:
90 error     npm bugs log.io
90 error Or if that isn't available, you can get their info via:
90 error     npm owner ls log.io
90 error There is likely additional logging output above.
91 verbose exit [ 1, true ]
